2025-06-17 14:03:00 | WARN | repo=course-sys-int-systems-exam | action=commit
2025-05-01 08:52:00 | WARN | repo=course-sys-int-systems-exam | action=commit
2025-04-23 19:28:00 | INFO | repo=course-sys-int-systems-exam | action=commit
2025-01-17 11:16:00 | DEBUG | repo=course-sys-int-systems-exam | action=commit
2025-07-15 10:29:00 | DEBUG | repo=course-sys-int-systems-exam | action=commit
2025-01-07 08:57:00 | INFO | repo=course-sys-int-systems-exam | action=commit
2025-11-14 14:50:00 | WARN | repo=course-sys-int-systems-exam | action=commit
2025-06-07 14:55:00 | WARN | repo=course-sys-int-systems-exam | action=commit
2025-11-25 17:58:00 | INFO | repo=course-sys-int-systems-exam | action=commit
2025-03-28 21:04:00 | DEBUG | repo=course-sys-int-systems-exam | action=commit
2025-06-02 14:06:00 | DEBUG | repo=course-sys-int-systems-exam | action=commit
2025-10-21 09:48:00 | DEBUG | repo=course-sys-int-systems-exam | action=commit
2025-03-19 13:53:00 | WARN | repo=course-sys-int-systems-exam | action=commit
2025-06-04 07:53:00 | WARN | repo=course-sys-int-systems-exam | action=commit
2025-04-22 16:41:00 | INFO | repo=course-sys-int-systems-exam | action=pull
2025-12-25 17:47:00 | DEBUG | repo=course-sys-int-systems-exam | action=commit
2025-02-28 15:33:00 | WARN | repo=course-sys-int-systems-exam | action=edit | files=2
2025-11-12 17:26:00 | WARN | repo=course-sys-int-systems-exam | action=commit
2025-05-03 17:07:00 | DEBUG | repo=course-sys-int-systems-exam | action=commit
2025-11-13 18:32:00 | DEBUG | repo=course-sys-int-systems-exam | action=commit
2025-09-11 10:09:00 | DEBUG | repo=course-sys-int-systems-exam | action=commit
